#
# There is insufficient memory for the Java Runtime Environment to continue.
# Native memory allocation (malloc) failed to allocate 32744 bytes. Error detail: Chunk::new
# Possible reasons:
#   The system is out of physical RAM or swap space
#   This process is running with CompressedOops enabled, and the Java Heap may be blocking the growth of the native heap
# Possible solutions:
#   Reduce memory load on the system
#   Increase physical memory or swap space
#   Check if swap backing store is full
#   Decrease Java heap size (-Xmx/-Xms)
#   Decrease number of Java threads
#   Decrease Java thread stack sizes (-Xss)
#   Set larger code cache with -XX:ReservedCodeCacheSize=
#   JVM is running with Unscaled Compressed Oops mode in which the Java heap is
#     placed in the first 4GB address space. The Java Heap base address is the
#     maximum limit for the native heap growth. Please use -XX:HeapBaseMinAddress
#     to set the Java Heap base and to place the Java Heap above 4GB virtual address.
# This output file may be truncated or incomplete.
#
#  Out of Memory Error (arena.cpp:150), pid=22420, tid=16144
#
# JRE version: Java(TM) SE Runtime Environment (22.0.2+9) (build 22.0.2+9-70)
# Java VM: Java HotSpot(TM) 64-Bit Server VM (22.0.2+9-70, mixed mode, sharing, tiered, compressed oops, compressed class ptrs, g1 gc, windows-amd64)
# No core dump will be written. Minidumps are not enabled by default on client versions of Windows
#

---------------  S U M M A R Y ------------

Command Line: -Dfile.encoding=UTF-8 --module-path=C:\Users\ritik\Documents\NetBeansProjects\JavaApplication1\build\classes Hotel_management_system.Hotel_management_system

Host: 11th Gen Intel(R) Core(TM) i3-1125G4 @ 2.00GHz, 8 cores, 7G,  Windows 11 , 64 bit Build 22621 (10.0.22621.3958)
Time: Thu Oct 10 14:07:20 2024 India Standard Time elapsed time: 0.239624 seconds (0d 0h 0m 0s)

---------------  T H R E A D  ---------------

Current thread (0x00000296a01cc7d0):  JavaThread "C1 CompilerThread0" daemon [_thread_in_native, id=16144, stack(0x000000d146a00000,0x000000d146b00000) (1024K)]


Current CompileTask:
C1:239  677       3       sun.util.locale.BaseLocale$Key::hashCode (178 bytes)

Stack: [0x000000d146a00000,0x000000d146b00000]
Native frames: (J=compiled Java code, j=interpreted, Vv=VM code, C=native code)
V  [jvm.dll+0x6e26e9]  (no source info available)
V  [jvm.dll+0x875753]  (no source info available)
V  [jvm.dll+0x877b7e]  (no source info available)
V  [jvm.dll+0x878253]  (no source info available)
V  [jvm.dll+0x27fc86]  (no source info available)
V  [jvm.dll+0xc3d0f]  (no source info available)
V  [jvm.dll+0xc3f6b]  (no source info available)
V  [jvm.dll+0x194c03]  (no source info available)
V  [jvm.dll+0x194ccd]  (no source info available)
V  [jvm.dll+0x197271]  (no source info available)
V  [jvm.dll+0x198714]  (no source info available)
V  [jvm.dll+0x153e45]  (no source info available)
V  [jvm.dll+0x1535c3]  (no source info available)
V  [jvm.dll+0x1538a0]  (no source info available)
V  [jvm.dll+0x152c1d]  (no source info available)
V  [jvm.dll+0x154add]  (no source info available)
V  [jvm.dll+0x2568f3]  (no source info available)
V  [jvm.dll+0x254baa]  (no source info available)
V  [jvm.dll+0x3f57a6]  (no source info available)
V  [jvm.dll+0x81dc0b]  (no source info available)
V  [jvm.dll+0x6e0d85]  (no source info available)
C  [ucrtbase.dll+0x29333]  (no source info available)
C  [KERNEL32.DLL+0x1257d]  (no source info available)
C  [ntdll.dll+0x5af28]  (no source info available)


---------------  P R O C E S S  ---------------

Threads class SMR info:
_java_thread_list=0x00000296a06abcd0, length=16, elements={
0x00000296818befd0, 0x00000296a0195180, 0x00000296a0195f90, 0x00000296a0197c50,
0x00000296a01987a0, 0x00000296a01992f0, 0x00000296a019ff90, 0x00000296a01a1360,
0x00000296a01cc7d0, 0x00000296a03df380, 0x00000296a049efd0, 0x00000296a0551550,
0x00000296a065a9e0, 0x00000296a065db10, 0x00000296a0666c60, 0x00000296a06a2820
}

Java Threads: ( => current thread )
  0x00000296818befd0 JavaThread "main"                              [_thread_blocked, id=1304, stack(0x000000d145b00000,0x000000d145c00000) (1024K)]
  0x00000296a0195180 JavaThread "Reference Handler"          daemon [_thread_blocked, id=26768, stack(0x000000d146300000,0x000000d146400000) (1024K)]
  0x00000296a0195f90 JavaThread "Finalizer"                  daemon [_thread_blocked, id=23736, stack(0x000000d146400000,0x000000d146500000) (1024K)]
  0x00000296a0197c50 JavaThread "Signal Dispatcher"          daemon [_thread_blocked, id=26920, stack(0x000000d146500000,0x000000d146600000) (1024K)]
  0x00000296a01987a0 JavaThread "Attach Listener"            daemon [_thread_blocked, id=26028, stack(0x000000d146600000,0x000000d146700000) (1024K)]
  0x00000296a01992f0 JavaThread "Service Thread"             daemon [_thread_blocked, id=13444, stack(0x000000d146700000,0x000000d146800000) (1024K)]
  0x00000296a019ff90 JavaThread "Monitor Deflation Thread"   daemon [_thread_blocked, id=22028, stack(0x000000d146800000,0x000000d146900000) (1024K)]
  0x00000296a01a1360 JavaThread "C2 CompilerThread0"         daemon [_thread_in_native, id=27536, stack(0x000000d146900000,0x000000d146a00000) (1024K)]
=>0x00000296a01cc7d0 JavaThread "C1 CompilerThread0"         daemon [_thread_in_native, id=16144, stack(0x000000d146a00000,0x000000d146b00000) (1024K)]
  0x00000296a03df380 JavaThread "Common-Cleaner"             daemon [_thread_blocked, id=19900, stack(0x000000d146b00000,0x000000d146c00000) (1024K)]
  0x00000296a049efd0 JavaThread "Notification Thread"        daemon [_thread_blocked, id=29796, stack(0x000000d146c00000,0x000000d146d00000) (1024K)]
  0x00000296a0551550 JavaThread "C2 CompilerThread1"         daemon [_thread_in_native, id=24568, stack(0x000000d146d00000,0x000000d146e00000) (1024K)]
  0x00000296a065a9e0 JavaThread "Java2D Disposer"            daemon [_thread_blocked, id=26668, stack(0x000000d146e00000,0x000000d146f00000) (1024K)]
  0x00000296a065db10 JavaThread "AWT-Shutdown"                      [_thread_blocked, id=28884, stack(0x000000d146f00000,0x000000d147000000) (1024K)]
  0x00000296a0666c60 JavaThread "AWT-Windows"                daemon [_thread_in_native, id=3468, stack(0x000000d147000000,0x000000d147100000) (1024K)]
  0x00000296a06a2820 JavaThread "Image Fetcher 0"            daemon [_thread_in_Java, id=11696, stack(0x000000d147100000,0x000000d147200000) (1024K)]
Total: 16

Other Threads:
  0x00000296a0177510 VMThread "VM Thread"                           [id=27224, stack(0x000000d146200000,0x000000d146300000) (1024K)]
  0x00000296a015f470 WatcherThread "VM Periodic Task Thread"        [id=8392, stack(0x000000d146100000,0x000000d146200000) (1024K)]
  0x0000029683adfa80 WorkerThread "GC Thread#0"                     [id=2620, stack(0x000000d145c00000,0x000000d145d00000) (1024K)]
  0x0000029683af0f80 ConcurrentGCThread "G1 Main Marker"            [id=13092, stack(0x000000d145d00000,0x000000d145e00000) (1024K)]
  0x0000029683af1a90 WorkerThread "G1 Conc#0"                       [id=29616, stack(0x000000d145e00000,0x000000d145f00000) (1024K)]
  0x0000029683b4e6d0 ConcurrentGCThread "G1 Refine#0"               [id=26032, stack(0x000000d145f00000,0x000000d146000000) (1024K)]
  0x00000296a00324c0 ConcurrentGCThread "G1 Service"                [id=23392, stack(0x000000d146000000,0x000000d146100000) (1024K)]
Total: 7

Threads with active compile tasks:
C2 CompilerThread0  251  698       4       java.lang.String::substring (58 bytes)
C1 CompilerThread0  251  677       3       sun.util.locale.BaseLocale$Key::hashCode (178 bytes)
C2 CompilerThread1  251  700       4       java.util.HashMap::put (13 bytes)
Total: 3

VM state: not at safepoint (normal execution)

VM Mutex/Monitor currently owned by a thread:  ([mutex/lock_event])
[0x00007ffd2d59af80] AdapterHandlerLibrary_lock - owner thread: 0x00000296a06a2820

Heap address: 0x0000000085800000, size: 1960 MB, Compressed Oops mode: 32-bit

CDS archive(s) mapped at: [0x00000296a1000000-0x00000296a1c60000-0x00000296a1c60000), size 12976128, SharedBaseAddress: 0x00000296a1000000, ArchiveRelocationMode: 1.
Compressed class space mapped at: 0x00000296a2000000-0x00000296e2000000, reserved size: 1073741824
Narrow klass base: 0x00000296a1000000, Narrow klass shift: 0, Narrow klass range: 0x41000000

GC Precious Log:
 CardTable entry size: 512
 Card Set container configuration: InlinePtr #cards 5 size 8 Array Of Cards #cards 12 size 40 Howl #buckets 4 coarsen threshold 1843 Howl Bitmap #cards 512 size 80 coarsen threshold 460 Card regions per heap region 1 cards per card region 2048
 CPUs: 8 total, 8 available
 Memory: 7834M
 Large Page Support: Disabled
 NUMA Support: Disabled
 Compressed Oops: Enabled (32-bit)
 Heap Region Size: 1M
 Heap Min Capacity: 8M
 Heap Initial Capacity: 124M
 Heap Max Capacity: 1960M
 Pre-touch: Disabled
 Parallel Workers: 8
 Concurrent Workers: 2
 Concurrent Refinement Workers: 8
 Periodic GC: Disabled

Heap:
 garbage-first heap   total reserved 2007040K, committed 126976K, used 7168K [0x0000000085800000, 0x0000000100000000)
  region size 1024K, 8 young (8192K), 0 survivors (0K)
 Metaspace       used 4569K, committed 4800K, reserved 1114112K
  class space    used 486K, committed 640K, reserved 1048576K

Heap Regions: E=young(eden), S=young(survivor), O=old, HS=humongous(starts), HC=humongous(continues), CS=collection set, F=free, TAMS=top-at-mark-start, PB=parsable bottom
|   0|0x0000000085800000, 0x0000000085800000, 0x0000000085900000|  0%| F|  |TAMS 0x0000000085800000| PB 0x0000000085800000| Untracked |  0
|   1|0x0000000085900000, 0x0000000085900000, 0x0000000085a00000|  0%| F|  |TAMS 0x0000000085900000| PB 0x0000000085900000| Untracked |  0
|   2|0x0000000085a00000, 0x0000000085a00000, 0x0000000085b00000|  0%| F|  |TAMS 0x0000000085a00000| PB 0x0000000085a00000| Untracked |  0
|   3|0x0000000085b00000, 0x0000000085b00000, 0x0000000085c00000|  0%| F|  |TAMS 0x0000000085b00000| PB 0x0000000085b00000| Untracked |  0
|   4|0x0000000085c00000, 0x0000000085c00000, 0x0000000085d00000|  0%| F|  |TAMS 0x0000000085c00000| PB 0x0000000085c00000| Untracked |  0
|   5|0x0000000085d00000, 0x0000000085d00000, 0x0000000085e00000|  0%| F|  |TAMS 0x0000000085d00000| PB 0x0000000085d00000| Untracked |  0
|   6|0x0000000085e00000, 0x0000000085e00000, 0x0000000085f00000|  0%| F|  |TAMS 0x0000000085e00000| PB 0x0000000085e00000| Untracked |  0
|   7|0x0000000085f00000, 0x0000000085f00000, 0x0000000086000000|  0%| F|  |TAMS 0x0000000085f00000| PB 0x0000000085f00000| Untracked |  0
|   8|0x0000000086000000, 0x0000000086000000, 0x0000000086100000|  0%| F|  |TAMS 0x0000000086000000| PB 0x0000000086000000| Untracked |  0
|   9|0x0000000086100000, 0x0000000086100000, 0x0000000086200000|  0%| F|  |TAMS 0x0000000086100000| PB 0x0000000086100000| Untracked |  0
|  10|0x0000000086200000, 0x0000000086200000, 0x0000000086300000|  0%| F|  |TAMS 0x0000000086200000| PB 0x0000000086200000| Untracked |  0
|  11|0x0000000086300000, 0x0000000086300000, 0x0000000086400000|  0%| F|  |TAMS 0x0000000086300000| PB 0x0000000086300000| Untracked |  0
|  12|0x0000000086400000, 0x0000000086400000, 0x0000000086500000|  0%| F|  |TAMS 0x0000000086400000| PB 0x0000000086400000| Untracked |  0
|  13|0x0000000086500000, 0x0000000086500000, 0x0000000086600000|  0%| F|  |TAMS 0x0000000086500000| PB 0x0000000086500000| Untracked |  0
|  14|0x0000000086600000, 0x0000000086600000, 0x0000000086700000|  0%| F|  |TAMS 0x0000000086600000| PB 0x0000000086600000| Untracked |  0
|  15|0x0000000086700000, 0x0000000086700000, 0x0000000086800000|  0%| F|  |TAMS 0x0000000086700000| PB 0x0000000086700000| Untracked |  0
|  16|0x0000000086800000, 0x0000000086800000, 0x0000000086900000|  0%| F|  |TAMS 0x0000000086800000| PB 0x0000000086800000| Untracked |  0
|  17|0x0000000086900000, 0x0000000086900000, 0x0000000086a00000|  0%| F|  |TAMS 0x0000000086900000| PB 0x0000000086900000| Untracked |  0
|  18|0x0000000086a00000, 0x0000000086a00000, 0x0000000086b00000|  0%| F|  |TAMS 0x0000000086a00000| PB 0x0000000086a00000| Untracked |  0
|  19|0x0000000086b00000, 0x0000000086b00000, 0x0000000086c00000|  0%| F|  |TAMS 0x0000000086b00000| PB 0x0000000086b00000| Untracked |  0
|  20|0x0000000086c00000, 0x0000000086c00000, 0x0000000086d00000|  0%| F|  |TAMS 0x0000000086c00000| PB 0x0000000086c00000| Untracked |  0
|  21|0x0000000086d00000, 0x0000000086d00000, 0x0000000086e00000|  0%| F|  |TAMS 0x0000000086d00000| PB 0x0000000086d00000| Untracked |  0
|  22|0x0000000086e00000, 0x0000000086e00000, 0x0000000086f00000|  0%| F|  |TAMS 0x0000000086e00000| PB 0x0000000086e00000| Untracked |  0
|  23|0x0000000086f00000, 0x0000000086f00000, 0x0000000087000000|  0%| F|  |TAMS 0x0000000086f00000| PB 0x0000000086f00000| Untracked |  0
|  24|0x0000000087000000, 0x0000000087000000, 0x0000000087100000|  0%| F|  |TAMS 0x0000000087000000| PB 0x0000000087000000| Untracked |  0
|  25|0x0000000087100000, 0x0000000087100000, 0x0000000087200000|  0%| F|  |TAMS 0x0000000087100000| PB 0x0000000087100000| Untracked |  0
|  26|0x0000000087200000, 0x0000000087200000, 0x0000000087300000|  0%| F|  |TAMS 0x0000000087200000| PB 0x0000000087200000| Untracked |  0
|  27|0x0000000087300000, 0x0000000087300000, 0x0000000087400000|  0%| F|  |TAMS 0x0000000087300000| PB 0x0000000087300000| Untracked |  0
|  28|0x0000000087400000, 0x0000000087400000, 0x0000000087500000|  0%| F|  |TAMS 0x0000000087400000| PB 0x0000000087400000| Untracked |  0
|  29|0x0000000087500000, 0x0000000087500000, 0x0000000087600000|  0%| F|  |TAMS 0x0000000087500000| PB 0x0000000087500000| Untracked |  0
|  30|0x0000000087600000, 0x0000000087600000, 0x0000000087700000|  0%| F|  |TAMS 0x0000000087600000| PB 0x0000000087600000| Untracked |  0
|  31|0x0000000087700000, 0x0000000087700000, 0x0000000087800000|  0%| F|  |TAMS 0x0000000087700000| PB 0x0000000087700000| Untracked |  0
|  32|0x0000000087800000, 0x0000000087800000, 0x0000000087900000|  0%| F|  |TAMS 0x0000000087800000| PB 0x0000000087800000| Untracked |  0
|  33|0x0000000087900000, 0x0000000087900000, 0x0000000087a00000|  0%| F|  |TAMS 0x0000000087900000| PB 0x0000000087900000| Untracked |  0
|  34|0x0000000087a00000, 0x0000000087a00000, 0x0000000087b00000|  0%| F|  |TAMS 0x0000000087a00000| PB 0x0000000087a00000| Untracked |  0
|  35|0x0000000087b00000, 0x0000000087b00000, 0x0000000087c00000|  0%| F|  |TAMS 0x0000000087b00000| PB 0x0000000087b00000| Untracked |  0
|  36|0x0000000087c00000, 0x0000000087c00000, 0x0000000087d00000|  0%| F|  |TAMS 0x0000000087c00000| PB 0x0000000087c00000| Untracked |  0
|  37|0x0000000087d00000, 0x0000000087d00000, 0x0000000087e00000|  0%| F|  |TAMS 0x0000000087d00000| PB 0x0000000087d00000| Untracked |  0
|  38|0x0000000087e00000, 0x0000000087e00000, 0x0000000087f00000|  0%| F|  |TAMS 0x0000000087e00000| PB 0x0000000087e00000| Untracked |  0
|  39|0x0000000087f00000, 0x0000000087f00000, 0x0000000088000000|  0%| F|  |TAMS 0x0000000087f00000| PB 0x0000000087f00000| Untracked |  0
|  40|0x0000000088000000, 0x0000000088000000, 0x0000000088100000|  0%| F|  |TAMS 0x0000000088000000| PB 0x0000000088000000| Untracked |  0
|  41|0x0000000088100000, 0x0000000088100000, 0x0000000088200000|  0%| F|  |TAMS 0x0000000088100000| PB 0x0000000088100000| Untracked |  0
|  42|0x0000000088200000, 0x0000000088200000, 0x0000000088300000|  0%| F|  |TAMS 0x0000000088200000| PB 0x0000000088200000| Untracked |  0
|  43|0x0000000088300000, 0x0000000088300000, 0x0000000088400000|  0%| F|  |TAMS 0x0000000088300000| PB 0x0000000088300000| Untracked |  0
|  44|0x0000000088400000, 0x0000000088400000, 0x0000000088500000|  0%| F|  |TAMS 0x0000000088400000| PB 0x0000000088400000| Untracked |  0
|  45|0x0000000088500000, 0x0000000088500000, 0x0000000088600000|  0%| F|  |TAMS 0x0000000088500000| PB 0x0000000088500000| Untracked |  0
|  46|0x0000000088600000, 0x0000000088600000, 0x0000000088700000|  0%| F|  |TAMS 0x0000000088600000| PB 0x0000000088600000| Untracked |  0
|  47|0x0000000088700000, 0x0000000088700000, 0x0000000088800000|  0%| F|  |TAMS 0x0000000088700000| PB 0x0000000088700000| Untracked |  0
|  48|0x0000000088800000, 0x0000000088800000, 0x0000000088900000|  0%| F|  |TAMS 0x0000000088800000| PB 0x0000000088800000| Untracked |  0
|  49|0x0000000088900000, 0x0000000088900000, 0x0000000088a00000|  0%| F|  |TAMS 0x0000000088900000| PB 0x0000000088900000| Untracked |  0
|  50|0x0000000088a00000, 0x0000000088a00000, 0x0000000088b00000|  0%| F|  |TAMS 0x0000000088a00000| PB 0x0000000088a00000| Untracked |  0
|  51|0x0000000088b00000, 0x0000000088b00000, 0x0000000088c00000|  0%| F|  |TAMS 0x0000000088b00000| PB 0x0000000088b00000| Untracked |  0
|  52|0x0000000088c00000, 0x0000000088c00000, 0x0000000088d00000|  0%| F|  |TAMS 0x0000000088c00000| PB 0x0000000088c00000| Untracked |  0
|  53|0x0000000088d00000, 0x0000000088d00000, 0x0000000088e00000|  0%| F|  |TAMS 0x0000000088d00000| PB 0x0000000088d00000| Untracked |  0
|  54|0x0000000088e00000, 0x0000000088e00000, 0x0000000088f00000|  0%| F|  |TAMS 0x0000000088e00000| PB 0x0000000088e00000| Untracked |  0
|  55|0x0000000088f00000, 0x0000000088f00000, 0x0000000089000000|  0%| F|  |TAMS 0x0000000088f00000| PB 0x0000000088f00000| Untracked |  0
|  56|0x0000000089000000, 0x0000000089000000, 0x0000000089100000|  0%| F|  |TAMS 0x0000000089000000| PB 0x0000000089000000| Untracked |  0
|  57|0x0000000089100000, 0x0000000089100000, 0x0000000089200000|  0%| F|  |TAMS 0x0000000089100000| PB 0x0000000089100000| Untracked |  0
|  58|0x0000000089200000, 0x0000000089200000, 0x0000000089300000|  0%| F|  |TAMS 0x0000000089200000| PB 0x0000000089200000| Untracked |  0
|  59|0x0000000089300000, 0x0000000089300000, 0x0000000089400000|  0%| F|  |TAMS 0x0000000089300000| PB 0x0000000089300000| Untracked |  0
|  60|0x0000000089400000, 0x0000000089400000, 0x0000000089500000|  0%| F|  |TAMS 0x0000000089400000| PB 0x0000000089400000| Untracked |  0
|  61|0x0000000089500000, 0x0000000089500000, 0x0000000089600000|  0%| F|  |TAMS 0x0000000089500000| PB 0x0000000089500000| Untracked |  0
|  62|0x0000000089600000, 0x0000000089600000, 0x0000000089700000|  0%| F|  |TAMS 0x0000000089600000| PB 0x0000000089600000| Untracked |  0
|  63|0x0000000089700000, 0x0000000089700000, 0x0000000089800000|  0%| F|  |TAMS 0x0000000089700000| PB 0x0000000089700000| Untracked |  0
|  64|0x0000000089800000, 0x0000000089800000, 0x0000000089900000|  0%| F|  |TAMS 0x0000000089800000| PB 0x0000000089800000| Untracked |  0
|  65|0x0000000089900000, 0x0000000089900000, 0x0000000089a00000|  0%| F|  |TAMS 0x0000000089900000| PB 0x0000000089900000| Untracked |  0
|  66|0x0000000089a00000, 0x0000000089a00000, 0x0000000089b00000|  0%| F|  |TAMS 0x0000000089a00000| PB 0x0000000089a00000| Untracked |  0
|  67|0x0000000089b00000, 0x0000000089b00000, 0x0000000089c00000|  0%| F|  |TAMS 0x0000000089b00000| PB 0x0000000089b00000| Untracked |  0
|  68|0x0000000089c00000, 0x0000000089c00000, 0x0000000089d00000|  0%| F|  |TAMS 0x0000000089c00000| PB 0x0000000089c00000| Untracked |  0
|  69|0x0000000089d00000, 0x0000000089d00000, 0x0000000089e00000|  0%| F|  |TAMS 0x0000000089d00000| PB 0x0000000089d00000| Untracked |  0
|  70|0x0000000089e00000, 0x0000000089e00000, 0x0000000089f00000|  0%| F|  |TAMS 0x0000000089e00000| PB 0x0000000089e00000| Untracked |  0
|  71|0x0000000089f00000, 0x0000000089f00000, 0x000000008a000000|  0%| F|  |TAMS 0x0000000089f00000| PB 0x0000000089f00000| Untracked |  0
|  72|0x000000008a000000, 0x000000008a000000, 0x000000008a100000|  0%| F|  |TAMS 0x000000008a000000| PB 0x000000008a000000| Untracked |  0
|  73|0x000000008a100000, 0x000000008a100000, 0x000000008a200000|  0%| F|  |TAMS 0x000000008a100000| PB 0x000000008a100000| Untracked |  0
|  74|0x000000008a200000, 0x000000008a200000, 0x000000008a300000|  0%| F|  |TAMS 0x000000008a200000| PB 0x000000008a200000| Untracked |  0
|  75|0x000000008a300000, 0x000000008a300000, 0x000000008a400000|  0%| F|  |TAMS 0x000000008a300000| PB 0x000000008a300000| Untracked |  0
|  76|0x000000008a400000, 0x000000008a400000, 0x000000008a500000|  0%| F|  |TAMS 0x000000008a400000| PB 0x000000008a400000| Untracked |  0
|  77|0x000000008a500000, 0x000000008a500000, 0x000000008a600000|  0%| F|  |TAMS 0x000000008a500000| PB 0x000000008a500000| Untracked |  0
|  78|0x000000008a600000, 0x000000008a600000, 0x000000008a700000|  0%| F|  |TAMS 0x000000008a600000| PB 0x000000008a600000| Untracked |  0
|  79|0x000000008a700000, 0x000000008a700000, 0x000000008a800000|  0%| F|  |TAMS 0x000000008a700000| PB 0x000000008a700000| Untracked |  0
|  80|0x000000008a800000, 0x000000008a800000, 0x000000008a900000|  0%| F|  |TAMS 0x000000008a800000| PB 0x000000008a800000| Untracked |  0
|  81|0x000000008a900000, 0x000000008a900000, 0x000000008aa00000|  0%| F|  |TAMS 0x000000008a900000| PB 0x000000008a900000| Untracked |  0
|  82|0x000000008aa00000, 0x000000008aa00000, 0x000000008ab00000|  0%| F|  |TAMS 0x000000008aa00000| PB 0x000000008aa00000| Untracked |  0
|  83|0x000000008ab00000, 0x000000008ab00000, 0x000000008ac00000|  0%| F|  |TAMS 0x000000008ab00000| PB 0x000000008ab00000| Untracked |  0
|  84|0x000000008ac00000, 0x000000008ac00000, 0x000000008ad00000|  0%| F|  |TAMS 0x000000008ac00000| PB 0x000000008ac00000| Untracked |  0
|  85|0x000000008ad00000, 0x000000008ad00000, 0x000000008ae00000|  0%| F|  |TAMS 0x000000008ad00000| PB 0x000000008ad00000| Untracked |  0
|  86|0x000000008ae00000, 0x000000008ae00000, 0x000000008af00000|  0%| F|  |TAMS 0x000000008ae00000| PB 0x000000008ae00000| Untracked |  0
|  87|0x000000008af00000, 0x000000008af00000, 0x000000008b000000|  0%| F|  |TAMS 0x000000008af00000| PB 0x000000008af00000| Untracked |  0
|  88|0x000000008b000000, 0x000000008b000000, 0x000000008b100000|  0%| F|  |TAMS 0x000000008b000000| PB 0x000000008b000000| Untracked |  0
|  89|0x000000008b100000, 0x000000008b100000, 0x000000008b200000|  0%| F|  |TAMS 0x000000008b100000| PB 0x000000008b100000| Untracked |  0
|  90|0x000000008b200000, 0x000000008b200000, 0x000000008b300000|  0%| F|  |TAMS 0x000000008b200000| PB 0x000000008b200000| Untracked |  0
|  91|0x000000008b300000, 0x000000008b300000, 0x000000008b400000|  0%| F|  |TAMS 0x000000008b300000| PB 0x000000008b300000| Untracked |  0
|  92|0x000000008b400000, 0x000000008b400000, 0x000000008b500000|  0%| F|  |TAMS 0x000000008b400000| PB 0x000000008b400000| Untracked |  0
|  93|0x000000008b500000, 0x000000008b500000, 0x000000008b600000|  0%| F|  |TAMS 0x000000008b500000| PB 0x000000008b500000| Untracked |  0
|  94|0x000000008b600000, 0x000000008b600000, 0x000000008b700000|  0%| F|  |TAMS 0x000000008b600000| PB 0x000000008b600000| Untracked |  0
|  95|0x000000008b700000, 0x000000008b700000, 0x000000008b800000|  0%| F|  |TAMS 0x000000008b700000| PB 0x000000008b700000| Untracked |  0
|  96|0x000000008b800000, 0x000000008b800000, 0x000000008b900000|  0%| F|  |TAMS 0x000000008b800000| PB 0x000000008b800000| Untracked |  0
|  97|0x000000008b900000, 0x000000008b900000, 0x000000008ba00000|  0%| F|  |TAMS 0x000000008b900000| PB 0x000000008b900000| Untracked |  0
|  98|0x000000008ba00000, 0x000000008ba00000, 0x000000008bb00000|  0%| F|  |TAMS 0x000000008ba00000| PB 0x000000008ba00000| Untracked |  0
|  99|0x000000008bb00000, 0x000000008bb00000, 0x000000008bc00000|  0%| F|  |TAMS 0x000000008bb00000| PB 0x000000008bb00000| Untracked |  0
| 100|0x000000008bc00000, 0x000000008bc00000, 0x000000008bd00000|  0%| F|  |TAMS 0x000000008bc00000| PB 0x000000008bc00000| Untracked |  0
| 101|0x000000008bd00000, 0x000000008bd00000, 0x000000008be00000|  0%| F|  |TAMS 0x000000008bd00000| PB 0x000000008bd00000| Untracked |  0
| 102|0x000000008be00000, 0x000000008be00000, 0x000000008bf00000|  0%| F|  |TAMS 0x000000008be00000| PB 0x000000008be00000| Untracked |  0
| 103|0x000000008bf00000, 0x000000008bf00000, 0x000000008c000000|  0%| F|  |TAMS 0x000000008bf00000| PB 0x000000008bf00000| Untracked |  0
| 104|0x000000008c000000, 0x000000008c000000, 0x000000008c100000|  0%| F|  |TAMS 0x000000008c000000| PB 0x000000008c000000| Untracked |  0
| 105|0x000000008c100000, 0x000000008c100000, 0x000000008c200000|  0%| F|  |TAMS 0x000000008c100000| PB 0x000000008c100000| Untracked |  0
| 106|0x000000008c200000, 0x000000008c200000, 0x000000008c300000|  0%| F|  |TAMS 0x000000008c200000| PB 0x000000008c200000| Untracked |  0
| 107|0x000000008c300000, 0x000000008c300000, 0x000000008c400000|  0%| F|  |TAMS 0x000000008c300000| PB 0x000000008c300000| Untracked |  0
| 108|0x000000008c400000, 0x000000008c400000, 0x000000008c500000|  0%| F|  |TAMS 0x000000008c400000| PB 0x000000008c400000| Untracked |  0
| 109|0x000000008c500000, 0x000000008c500000, 0x000000008c600000|  0%| F|  |TAMS 0x000000008c500000| PB 0x000000008c500000| Untracked |  0
| 110|0x000000008c600000, 0x000000008c600000, 0x000000008c700000|  0%| F|  |TAMS 0x000000008c600000| PB 0x000000008c600000| Untracked |  0
| 111|0x000000008c700000, 0x000000008c700000, 0x000000008c800000|  0%| F|  |TAMS 0x000000008c700000| PB 0x000000008c700000| Untracked |  0
| 112|0x000000008c800000, 0x000000008c800000, 0x000000008c900000|  0%| F|  |TAMS 0x000000008c800000| PB 0x000000008c800000| Untracked |  0
| 113|0x000000008c900000, 0x000000008c900000, 0x000000008ca00000|  0%| F|  |TAMS 0x000000008c900000| PB 0x000000008c900000| Untracked |  0
| 114|0x000000008ca00000, 0x000000008ca00000, 0x000000008cb00000|  0%| F|  |TAMS 0x000000008ca00000| PB 0x000000008ca00000| Untracked |  0
| 115|0x000000008cb00000, 0x000000008cb00000, 0x000000008cc00000|  0%| F|  |TAMS 0x000000008cb00000| PB 0x000000008cb00000| Untracked |  0
| 116|0x000000008cc00000, 0x000000008cc7ae30, 0x000000008cd00000| 48%| E|  |TAMS 0x000000008cc00000| PB 0x000000008cc00000| Complete |  0
| 117|0x000000008cd00000, 0x000000008ce00000, 0x000000008ce00000|100%| E|CS|TAMS 0x000000008cd00000| PB 0x000000008cd00000| Complete |  0
| 118|0x000000008ce00000, 0x000000008cf00000, 0x000000008cf00000|100%| E|CS|TAMS 0x000000008ce00000| PB 0x000000008ce00000| Complete |  0
| 119|0x000000008cf00000, 0x000000008d000000, 0x000000008d000000|100%| E|CS|TAMS 0x000000008cf00000| PB 0x000000008cf00000| Complete |  0
| 120|0x000000008d000000, 0x000000008d100000, 0x000000008d100000|100%| E|CS|TAMS 0x000000008d000000| PB 0x000000008d000000| Complete |  0
| 121|0x000000008d100000, 0x000000008d200000, 0x000000008d200000|100%| E|CS|TAMS 0x000000008d100000| PB 0x000000008d100000| Complete |  0
| 122|0x000000008d200000, 0x000000008d300000, 0x000000008d300000|100%| E|CS|TAMS 0x000000008d200000| PB 0x000000008d200000| Complete |  0
| 123|0x000000008d300000, 0x000000008d400000, 0x000000008d400000|100%| E|CS|TAMS 0x000000008d300000| PB 0x000000008d300000| Complete |  0

Card table byte_map: [0x000002969b4f0000,0x000002969b8d0000] _byte_map_base: 0x000002969b0c4000

Marking Bits: (CMBitMap*) 0x0000029683ae0190
 Bits: [0x000002969b8d0000, 0x000002969d770000)

Polling page: 0x0000029683250000

Metaspace:

Usage:
  Non-class:      3.99 MB used.
      Class:    488.78 KB used.
       Both:      4.47 MB used.

Virtual space:
  Non-class space:       64.00 MB reserved,       4.06 MB (  6%) committed,  1 nodes.
      Class space:        1.00 GB reserved,     640.00 KB ( <1%) committed,  1 nodes.
             Both:        1.06 GB reserved,       4.69 MB ( <1%) committed. 

Chunk freelists:
   Non-Class:  11.88 MB
       Class:  15.25 MB
        Both:  27.13 MB

MaxMetaspaceSize: unlimited
CompressedClassSpaceSize: 1.00 GB
Initial GC threshold: 21.00 MB
Current GC threshold: 21.00 MB
CDS: on
 - commit_granule_bytes: 65536.
 - commit_granule_words: 8192.
 - virtual_space_node_default_size: 8388608.
 - enlarge_chunks_in_place: 1.
 - use_allocation_guard: 0.


Internal statistics:

num_allocs_failed_limit: 0.
num_arena_births: 118.
num_arena_deaths: 0.
num_vsnodes_births: 2.
num_vsnodes_deaths: 0.
num_space_committed: 75.
num_space_uncommitted: 0.
num_chunks_returned_to_freelist: 0.
num_chunks_taken_from_freelist: 140.
num_chunk_merges: 0.
num_chunk_splits: 87.
num_chunks_enlarged: 35.
num_inconsistent_stats: 0.

CodeHeap 'non-profiled nmethods': size=120000Kb used=211Kb max_used=211Kb free=119788Kb
 bounds [0x00000296938b0000, 0x0000029693b20000, 0x000002969ade0000]
CodeHeap 'profiled nmethods': size=120000Kb used=942Kb max_used=942Kb free=119057Kb
 bounds [0x000002968bde0000, 0x000002968c050000, 0x0000029693310000]
CodeHeap 'non-nmethods': size=5760Kb used=1596Kb max_used=1614Kb free=4163Kb
 bounds [0x0000029693310000, 0x0000029693580000, 0x00000296938b0000]
 total_blobs=1208 nmethods=678 adapters=435
 compilation: enabled
              stopped_count=0, restarted_count=0
 full_count=0

Compilation events (20 events):
Event: 0.232 Thread 0x00000296a0551550 nmethod 663 0x00000296938df010 code [0x00000296938df180, 0x00000296938df2d8]
Event: 0.233 Thread 0x00000296a0551550  668       4       java.util.Collections::emptyList (4 bytes)
Event: 0.233 Thread 0x00000296a0551550 nmethod 668 0x00000296938df390 code [0x00000296938df500, 0x00000296938df570]
Event: 0.233 Thread 0x00000296a01cc7d0 nmethod 666 0x000002968bec7390 code [0x000002968bec75c0, 0x000002968bec7e58]
Event: 0.233 Thread 0x00000296a0551550  670       4       sun.util.locale.LocaleUtils::isUpper (18 bytes)
Event: 0.233 Thread 0x00000296a01cc7d0  659       1       sun.util.locale.LanguageTag::getLanguage (5 bytes)
Event: 0.233 Thread 0x00000296a01cc7d0 nmethod 659 0x00000296938df690 code [0x00000296938df820, 0x00000296938df8e8]
Event: 0.233 Thread 0x00000296a01cc7d0  664       3       sun.util.locale.StringTokenIterator::next (74 bytes)
Event: 0.233 Thread 0x00000296a0551550 nmethod 670 0x00000296938df990 code [0x00000296938dfb00, 0x00000296938dfb70]
Event: 0.233 Thread 0x00000296a01cc7d0 nmethod 664 0x000002968bec8210 code [0x000002968bec8400, 0x000002968bec8850]
Event: 0.233 Thread 0x00000296a01cc7d0  665       3       sun.util.locale.StringTokenIterator::hasNext (20 bytes)
Event: 0.233 Thread 0x00000296a01cc7d0 nmethod 665 0x000002968bec8a10 code [0x000002968bec8bc0, 0x000002968bec8e20]
Event: 0.233 Thread 0x00000296a01cc7d0  667       3       sun.util.locale.BaseLocale::<init> (76 bytes)
Event: 0.234 Thread 0x00000296a01cc7d0 nmethod 667 0x000002968bec8f90 code [0x000002968bec91c0, 0x000002968bec97e0]
Event: 0.234 Thread 0x00000296a01cc7d0  669       3       sun.util.locale.InternalLocaleBuilder::clearExtensions (50 bytes)
Event: 0.234 Thread 0x00000296a01cc7d0 nmethod 669 0x000002968bec9a10 code [0x000002968bec9be0, 0x000002968bec9ff0]
Event: 0.234 Thread 0x00000296a01cc7d0  674       3       sun.util.locale.LocaleUtils::toUpperString (95 bytes)
Event: 0.234 Thread 0x00000296a01cc7d0 nmethod 674 0x000002968beca110 code [0x000002968beca3e0, 0x000002968becb480]
Event: 0.234 Thread 0x00000296a01cc7d0  677       3       sun.util.locale.BaseLocale$Key::hashCode (178 bytes)
Event: 0.234 Thread 0x00000296a0551550  680       4       java.lang.StringUTF16::compress (47 bytes)

GC Heap History (0 events):
No events

Dll operation events (7 events):
Event: 0.007 Loaded shared library C:\Program Files\Java\jdk-22\bin\java.dll
Event: 0.033 Loaded shared library C:\Program Files\Java\jdk-22\bin\jsvml.dll
Event: 0.058 Loaded shared library C:\Program Files\Java\jdk-22\bin\net.dll
Event: 0.059 Loaded shared library C:\Program Files\Java\jdk-22\bin\nio.dll
Event: 0.076 Loaded shared library C:\Program Files\Java\jdk-22\bin\zip.dll
Event: 0.088 Loaded shared library C:\Program Files\Java\jdk-22\bin\jimage.dll
Event: 0.098 Loaded shared library C:\Program Files\Java\jdk-22\bin\awt.dll

Deoptimization events (4 events):
Event: 0.167 Thread 0x00000296818befd0 Uncommon trap: trap_request=0xffffff45 fr.pc=0x00000296938bf468 relative=0x0000000000000a28
Event: 0.167 Thread 0x00000296818befd0 Uncommon trap: reason=unstable_if action=reinterpret pc=0x00000296938bf468 method=java.util.HashMap.putVal(ILjava/lang/Object;Ljava/lang/Object;ZZ)Ljava/lang/Object; @ 236 c2
Event: 0.167 Thread 0x00000296818befd0 DEOPT PACKING pc=0x00000296938bf468 sp=0x000000d145bfdef0
Event: 0.167 Thread 0x00000296818befd0 DEOPT UNPACKING pc=0x0000029693367da2 sp=0x000000d145bfdea8 mode 2

Classes loaded (20 events):
Event: 0.210 Loading class java/net/FileNameMap done
Event: 0.210 Loading class java/net/URLConnection$1 done
Event: 0.210 Loading class sun/net/www/MimeTable
Event: 0.210 Loading class sun/net/www/MimeTable done
Event: 0.210 Loading class sun/net/www/MimeTable$1
Event: 0.210 Loading class sun/net/www/MimeTable$1 done
Event: 0.210 Loading class sun/net/www/MimeTable$2
Event: 0.210 Loading class sun/net/www/MimeTable$2 done
Event: 0.210 Loading class sun/net/www/MimeTable$DefaultInstanceHolder
Event: 0.210 Loading class sun/net/www/MimeTable$DefaultInstanceHolder done
Event: 0.210 Loading class sun/net/www/MimeTable$DefaultInstanceHolder$1
Event: 0.210 Loading class sun/net/www/MimeTable$DefaultInstanceHolder$1 done
Event: 0.211 Loading class sun/net/www/MimeEntry
Event: 0.211 Loading class sun/net/www/MimeEntry done
Event: 0.222 Loading class sun/util/calendar/ZoneInfoFile$Checksum
Event: 0.222 Loading class sun/util/calendar/ZoneInfoFile$Checksum done
Event: 0.224 Loading class jdk/internal/module/ModulePatcher$PatchedModuleReader
Event: 0.224 Loading class jdk/internal/module/ModulePatcher$PatchedModuleReader done
Event: 0.224 Loading class sun/net/www/protocol/jrt/Handler
Event: 0.224 Loading class sun/net/www/protocol/jrt/Handler done

Classes unloaded (0 events):
No events

Classes redefined (0 events):
No events

Internal exceptions (13 events):
Event: 0.060 Thread 0x00000296818befd0 Exception <a 'sun/nio/fs/WindowsException'{0x000000008d2bca98}> (0x000000008d2bca98) 
thrown [s\open\src\hotspot\share\prims\jni.cpp, line 520]
Event: 0.061 Thread 0x00000296818befd0 Exception <a 'sun/nio/fs/WindowsException'{0x000000008d2befe0}> (0x000000008d2befe0) 
thrown [s\open\src\hotspot\share\prims\jni.cpp, line 520]
Event: 0.061 Thread 0x00000296818befd0 Exception <a 'sun/nio/fs/WindowsException'{0x000000008d2bfaa0}> (0x000000008d2bfaa0) 
thrown [s\open\src\hotspot\share\prims\jni.cpp, line 520]
Event: 0.061 Thread 0x00000296818befd0 Exception <a 'sun/nio/fs/WindowsException'{0x000000008d2c0560}> (0x000000008d2c0560) 
thrown [s\open\src\hotspot\share\prims\jni.cpp, line 520]
Event: 0.091 Thread 0x00000296818befd0 Exception <a 'java/lang/ClassNotFoundException'{0x000000008d193a30}: sun/awt/resources/spi/awtProvider> (0x000000008d193a30) 
thrown [s\open\src\hotspot\share\classfile\systemDictionary.cpp, line 313]
Event: 0.107 Thread 0x00000296818befd0 Exception <a 'java/io/FileNotFoundException'{0x000000008d1e76c8}> (0x000000008d1e76c8) 
thrown [s\open\src\hotspot\share\prims\jni.cpp, line 520]
Event: 0.112 Thread 0x00000296818befd0 Exception <a 'java/io/FileNotFoundException'{0x000000008d015d60}> (0x000000008d015d60) 
thrown [s\open\src\hotspot\share\prims\jni.cpp, line 520]
Event: 0.170 Thread 0x00000296818befd0 Exception <a 'java/lang/NoSuchMethodError'{0x000000008d0ae600}: 'void java.lang.invoke.DirectMethodHandle$Holder.invokeSpecial(java.lang.Object, java.lang.Object, java.lang.Object)'> (0x000000008d0ae600) 
thrown [s\open\src\hotspot\share\interpreter\linkResolver.cpp, line 774]
Event: 0.176 Thread 0x00000296818befd0 Exception <a 'java/lang/NoSuchMethodError'{0x000000008d0d4980}: 'java.lang.Object java.lang.invoke.DirectMethodHandle$Holder.newInvokeSpecial(java.lang.Object, java.lang.Object, java.lang.Object, java.lang.Object, java.lang.Object)'> (0x000000008d0d4980) 
thrown [s\open\src\hotspot\share\interpreter\linkResolver.cpp, line 774]
Event: 0.181 Thread 0x00000296818befd0 Exception <a 'java/lang/NoSuchMethodError'{0x000000008cf866a0}: 'java.lang.Object java.lang.invoke.DirectMethodHandle$Holder.invokeStatic(java.lang.Object, int, java.lang.Object)'> (0x000000008cf866a0) 
thrown [s\open\src\hotspot\share\interpreter\linkResolver.cpp, line 774]
Event: 0.196 Thread 0x00000296818befd0 Exception <a 'java/lang/ClassNotFoundException'{0x000000008ce288f0}: com/sun/swing/internal/plaf/metal/resources/spi/metalProvider> (0x000000008ce288f0) 
thrown [s\open\src\hotspot\share\classfile\systemDictionary.cpp, line 313]
Event: 0.197 Thread 0x00000296818befd0 Exception <a 'java/lang/ClassNotFoundException'{0x000000008ce2c8a0}: com/sun/swing/internal/plaf/basic/resources/spi/basicProvider> (0x000000008ce2c8a0) 
thrown [s\open\src\hotspot\share\classfile\systemDictionary.cpp, line 313]
Event: 0.205 Thread 0x00000296818befd0 Exception <a 'java/lang/NoSuchMethodError'{0x000000008ce4c010}: 'int java.lang.invoke.Invokers$Holder.invokeExact_MT(java.lang.Object, java.lang.Object)'> (0x000000008ce4c010) 
thrown [s\open\src\hotspot\share\interpreter\linkResolver.cpp, line 774]

ZGC Phase Switch (0 events):
No events

VM Operations (4 events):
Event: 0.062 Executing VM operation: HandshakeAllThreads (Deoptimize)
Event: 0.062 Executing VM operation: HandshakeAllThreads (Deoptimize) done
Event: 0.118 Executing VM operation: HandshakeAllThreads (Deoptimize)
Event: 0.118 Executing VM operation: HandshakeAllThreads (Deoptimize) done

Memory protections (0 events):
No events

Nmethod flushes (0 events):
No events

Events (16 events):
Event: 0.019 Thread 0x00000296818befd0 Thread added: 0x00000296818befd0
Event: 0.030 Thread 0x00000296818befd0 Thread added: 0x00000296a0195180
Event: 0.031 Thread 0x00000296818befd0 Thread added: 0x00000296a0195f90
Event: 0.031 Thread 0x00000296818befd0 Thread added: 0x00000296a0197c50
Event: 0.031 Thread 0x00000296818befd0 Thread added: 0x00000296a01987a0
Event: 0.031 Thread 0x00000296818befd0 Thread added: 0x00000296a01992f0
Event: 0.031 Thread 0x00000296818befd0 Thread added: 0x00000296a019ff90
Event: 0.031 Thread 0x00000296818befd0 Thread added: 0x00000296a01a1360
Event: 0.031 Thread 0x00000296818befd0 Thread added: 0x00000296a01cc7d0
Event: 0.049 Thread 0x00000296818befd0 Thread added: 0x00000296a03df380
Event: 0.070 Thread 0x00000296818befd0 Thread added: 0x00000296a049efd0
Event: 0.077 Thread 0x00000296a01a1360 Thread added: 0x00000296a0551550
Event: 0.144 Thread 0x00000296818befd0 Thread added: 0x00000296a065a9e0
Event: 0.145 Thread 0x00000296818befd0 Thread added: 0x00000296a065db10
Event: 0.146 Thread 0x00000296818befd0 Thread added: 0x00000296a0666c60
Event: 0.209 Thread 0x00000296818befd0 Thread added: 0x00000296a06a2820


Dynamic libraries:
0x00007ff6ab0f0000 - 0x00007ff6ab100000 	C:\Program Files\Java\jdk-22\bin\java.exe
0x00007ffdaf2d0000 - 0x00007ffdaf4e7000 	C:\WINDOWS\SYSTEM32\ntdll.dll
0x00007ffdaddf0000 - 0x00007ffdadeb4000 	C:\WINDOWS\System32\KERNEL32.DLL
0x00007ffdacc50000 - 0x00007ffdacffd000 	C:\WINDOWS\System32\KERNELBASE.dll
0x00007ffdac830000 - 0x00007ffdac941000 	C:\WINDOWS\System32\ucrtbase.dll
0x00007ffda4760000 - 0x00007ffda4777000 	C:\Program Files\Java\jdk-22\bin\jli.dll
0x00007ffd90500000 - 0x00007ffd9051b000 	C:\Program Files\Java\jdk-22\bin\VCRUNTIME140.dll
0x00007ffdaefd0000 - 0x00007ffdaf17e000 	C:\WINDOWS\System32\USER32.dll
0x00007ffdac7d0000 - 0x00007ffdac7f6000 	C:\WINDOWS\System32\win32u.dll
0x00007ffd91e80000 - 0x00007ffd92113000 	C:\WINDOWS\WinSxS\amd64_microsoft.windows.common-controls_6595b64144ccf1df_6.0.22621.3672_none_2713b9d173822955\COMCTL32.dll
0x00007ffdae570000 - 0x00007ffdae617000 	C:\WINDOWS\System32\msvcrt.dll
0x00007ffdadec0000 - 0x00007ffdadee9000 	C:\WINDOWS\System32\GDI32.dll
0x00007ffdacb30000 - 0x00007ffdacc49000 	C:\WINDOWS\System32\gdi32full.dll
0x00007ffdaca90000 - 0x00007ffdacb2a000 	C:\WINDOWS\System32\msvcp_win.dll
0x00007ffdad000000 - 0x00007ffdad031000 	C:\WINDOWS\System32\IMM32.DLL
0x00007ffda7770000 - 0x00007ffda777c000 	C:\Program Files\Java\jdk-22\bin\vcruntime140_1.dll
0x00007ffd8b9e0000 - 0x00007ffd8ba6e000 	C:\Program Files\Java\jdk-22\bin\msvcp140.dll
0x00007ffd2c930000 - 0x00007ffd2d679000 	C:\Program Files\Java\jdk-22\bin\server\jvm.dll
0x00007ffdaeef0000 - 0x00007ffdaefa2000 	C:\WINDOWS\System32\ADVAPI32.dll
0x00007ffdad7b0000 - 0x00007ffdad859000 	C:\WINDOWS\System32\sechost.dll
0x00007ffdac800000 - 0x00007ffdac828000 	C:\WINDOWS\System32\bcrypt.dll
0x00007ffdadfd0000 - 0x00007ffdae0e4000 	C:\WINDOWS\System32\RPCRT4.dll
0x00007ffdad910000 - 0x00007ffdad981000 	C:\WINDOWS\System32\WS2_32.dll
0x00007ffdac4c0000 - 0x00007ffdac50d000 	C:\WINDOWS\SYSTEM32\POWRPROF.dll
0x00007ffda76c0000 - 0x00007ffda76f4000 	C:\WINDOWS\SYSTEM32\WINMM.dll
0x00007ffda7630000 - 0x00007ffda763a000 	C:\WINDOWS\SYSTEM32\VERSION.dll
0x00007ffdac3f0000 - 0x00007ffdac403000 	C:\WINDOWS\SYSTEM32\UMPDC.dll
0x00007ffdab640000 - 0x00007ffdab658000 	C:\WINDOWS\SYSTEM32\kernel.appcore.dll
0x00007ffd904f0000 - 0x00007ffd904fa000 	C:\Program Files\Java\jdk-22\bin\jimage.dll
0x00007ffda9e40000 - 0x00007ffdaa072000 	C:\WINDOWS\SYSTEM32\DBGHELP.DLL
0x00007ffdad990000 - 0x00007ffdadd1e000 	C:\WINDOWS\System32\combase.dll
0x00007ffdadef0000 - 0x00007ffdadfc7000 	C:\WINDOWS\System32\OLEAUT32.dll
0x00007ffd8a850000 - 0x00007ffd8a882000 	C:\WINDOWS\SYSTEM32\dbgcore.DLL
0x00007ffdac950000 - 0x00007ffdac9cb000 	C:\WINDOWS\System32\bcryptPrimitives.dll
0x00007ffd8ea80000 - 0x00007ffd8ea9e000 	C:\Program Files\Java\jdk-22\bin\java.dll
0x00007ffdae620000 - 0x00007ffdaee87000 	C:\WINDOWS\System32\SHELL32.dll
0x00007ffdad3a0000 - 0x00007ffdad545000 	C:\WINDOWS\System32\ole32.dll
0x00007ffdaa540000 - 0x00007ffdaae3f000 	C:\WINDOWS\SYSTEM32\windows.storage.dll
0x00007ffdaa400000 - 0x00007ffdaa53f000 	C:\WINDOWS\SYSTEM32\wintypes.dll
0x00007ffdad0c0000 - 0x00007ffdad1b9000 	C:\WINDOWS\System32\SHCORE.dll
0x00007ffdaee90000 - 0x00007ffdaeeee000 	C:\WINDOWS\System32\shlwapi.dll
0x00007ffdac520000 - 0x00007ffdac547000 	C:\WINDOWS\SYSTEM32\profapi.dll
0x00007ffd89a20000 - 0x00007ffd89af7000 	C:\Program Files\Java\jdk-22\bin\jsvml.dll
0x00007ffd8ea70000 - 0x00007ffd8ea80000 	C:\Program Files\Java\jdk-22\bin\net.dll
0x00007ffdabab0000 - 0x00007ffdabb19000 	C:\WINDOWS\system32\mswsock.dll
0x00007ffd8e9a0000 - 0x00007ffd8e9b6000 	C:\Program Files\Java\jdk-22\bin\nio.dll
0x00007ffd8cbf0000 - 0x00007ffd8cc07000 	C:\Program Files\Java\jdk-22\bin\zip.dll
0x00007ffd829d0000 - 0x00007ffd82b5e000 	C:\Program Files\Java\jdk-22\bin\awt.dll
0x00007ffda4c80000 - 0x00007ffda4d17000 	C:\WINDOWS\SYSTEM32\apphelp.dll
0x00007ffda98c0000 - 0x00007ffda98eb000 	C:\WINDOWS\system32\DWMAPI.DLL
0x00007ffda9640000 - 0x00007ffda96f1000 	C:\WINDOWS\system32\uxtheme.dll
0x00007ffd916e0000 - 0x00007ffd917e0000 	C:\WINDOWS\system32\opengl32.dll
0x00007ffd916b0000 - 0x00007ffd916dd000 	C:\WINDOWS\SYSTEM32\GLU32.dll
0x00007ffda9770000 - 0x00007ffda97a7000 	C:\WINDOWS\SYSTEM32\dxcore.dll
0x00007ffdad650000 - 0x00007ffdad7ae000 	C:\WINDOWS\System32\MSCTF.dll

dbghelp: loaded successfully - version: 4.0.5 - missing functions: none
symbol engine: initialized successfully - sym options: 0x614 - pdb path: .;C:\Program Files\Java\jdk-22\bin;C:\WINDOWS\SYSTEM32;C:\WINDOWS\WinSxS\amd64_microsoft.windows.common-controls_6595b64144ccf1df_6.0.22621.3672_none_2713b9d173822955;C:\Program Files\Java\jdk-22\bin\server

VM Arguments:
jvm_args: -Dfile.encoding=UTF-8 --module-path=C:\Users\ritik\Documents\NetBeansProjects\JavaApplication1\build\classes 
java_command: Hotel_management_system.Hotel_management_system
java_class_path (initial): C:\Users\ritik\Desktop\mysql-connector-j-9.0.0\mysql-connector-j-9.0.0.jar;C:\Users\ritik\Desktop\rs2xml.jar;C:\Users\ritik\Documents\NetBeansProjects\JavaApplication1\build\classes
Launcher Type: SUN_STANDARD

[Global flags]
     intx CICompilerCount                          = 4                                         {product} {ergonomic}
     uint ConcGCThreads                            = 2                                         {product} {ergonomic}
     uint G1ConcRefinementThreads                  = 8                                         {product} {ergonomic}
   size_t G1HeapRegionSize                         = 1048576                                   {product} {ergonomic}
   size_t InitialHeapSize                          = 130023424                                 {product} {ergonomic}
   size_t MarkStackSize                            = 4194304                                   {product} {ergonomic}
   size_t MaxHeapSize                              = 2055208960                                {product} {ergonomic}
   size_t MaxNewSize                               = 1233125376                                {product} {ergonomic}
   size_t MinHeapDeltaBytes                        = 1048576                                   {product} {ergonomic}
   size_t MinHeapSize                              = 8388608                                   {product} {ergonomic}
    uintx NonNMethodCodeHeapSize                   = 5839372                                {pd product} {ergonomic}
    uintx NonProfiledCodeHeapSize                  = 122909434                              {pd product} {ergonomic}
    uintx ProfiledCodeHeapSize                     = 122909434                              {pd product} {ergonomic}
    uintx ReservedCodeCacheSize                    = 251658240                              {pd product} {ergonomic}
     bool SegmentedCodeCache                       = true                                      {product} {ergonomic}
   size_t SoftMaxHeapSize                          = 2055208960                             {manageable} {ergonomic}
     bool UseCompressedOops                        = true                           {product lp64_product} {ergonomic}
     bool UseG1GC                                  = true                                      {product} {ergonomic}
     bool UseLargePagesIndividualAllocation        = false                                  {pd product} {ergonomic}

Logging:
Log output configuration:
 #0: stdout all=warning uptime,level,tags foldmultilines=false
 #1: stderr all=off uptime,level,tags foldmultilines=false

Environment Variables:
PATH=C:\oraclexe\app\oracle\product\11.2.0\server\bin;C:\Program Files\Common Files\Oracle\Java\javapath;C:\WINDOWS\system32;C:\WINDOWS;C:\WINDOWS\System32\Wbem;C:\WINDOWS\System32\WindowsPowerShell\v1.0\;C:\WINDOWS\System32\OpenSSH\;C:\Program Files\nodejs\;C:\Program Files\Git\cmd;C:\mongosh-2.1.1\bin;C:\Program Files\MongoDB\Server\7.0\bin;C:\Program Files\MySQL\MySQL Server 8.0\bin;C:\Program Files\MySQL\MySQL Shell 8.0\bin\;C:\Users\ritik\AppData\Local\Programs\Python\Python312\Scripts\;C:\Users\ritik\AppData\Local\Programs\Python\Python312\;C:\Users\ritik\AppData\Local\Programs\Python\Launcher\;C:\Users\ritik\AppData\Local\Microsoft\WindowsApps;C:\Users\ritik\AppData\Local\Programs\Microsoft VS Code\bin;C:\Users\ritik\Desktop\flutter\bin;C:\Users\ritik\Desktop\jdk-20.0.1;C:\oraclexe\app\oracle\product\11.2.0\server;C:\Users\ritik\AppData\Roaming\npm;
USERNAME=ritik
OS=Windows_NT
PROCESSOR_IDENTIFIER=Intel64 Family 6 Model 140 Stepping 1, GenuineIntel
TMP=C:\Users\ritik\AppData\Local\Temp
TEMP=C:\Users\ritik\AppData\Local\Temp




Periodic native trim disabled

---------------  S Y S T E M  ---------------

OS:
 Windows 11 , 64 bit Build 22621 (10.0.22621.3958)
OS uptime: 0 days 5:59 hours

CPU: total 8 (initial active 8) (4 cores per cpu, 2 threads per core) family 6 model 140 stepping 1 microcode 0xb4, cx8, cmov, fxsr, ht, mmx, 3dnowpref, sse, sse2, sse3, ssse3, sse4.1, sse4.2, popcnt, lzcnt, tsc, tscinvbit, avx, avx2, aes, erms, clmul, bmi1, bmi2, adx, avx512f, avx512dq, avx512cd, avx512bw, avx512vl, sha, fma, vzeroupper, avx512_vpopcntdq, avx512_vpclmulqdq, avx512_vaes, avx512_vnni, clflush, clflushopt, clwb, avx512_vbmi2, avx512_vbmi, rdtscp, rdpid, fsrm, gfni, avx512_bitalg, f16c, pku, cet_ibt, cet_ss, avx512_ifma
Processor Information for processor 0
  Max Mhz: 2001, Current Mhz: 2001, Mhz Limit: 2001
Processor Information for processor 1
  Max Mhz: 2001, Current Mhz: 1200, Mhz Limit: 2001
Processor Information for processor 2
  Max Mhz: 2001, Current Mhz: 2001, Mhz Limit: 2001
Processor Information for processor 3
  Max Mhz: 2001, Current Mhz: 1200, Mhz Limit: 2001
Processor Information for processor 4
  Max Mhz: 2001, Current Mhz: 1200, Mhz Limit: 2001
Processor Information for processor 5
  Max Mhz: 2001, Current Mhz: 2001, Mhz Limit: 2001
Processor Information for processor 6
  Max Mhz: 2001, Current Mhz: 2001, Mhz Limit: 2001
Processor Information for processor 7
  Max Mhz: 2001, Current Mhz: 1200, Mhz Limit: 2001

Memory: 4k page, system-wide physical 7834M (610M free)
TotalPageFile size 31386M (AvailPageFile size 2M)
current process WorkingSet (physical memory assigned to process): 55M, peak: 55M
current process commit charge ("private bytes"): 214M, peak: 214M

vm_info: Java HotSpot(TM) 64-Bit Server VM (22.0.2+9-70) for windows-amd64 JRE (22.0.2+9-70), built on 2024-06-04T16:52:23Z by "mach5one" with MS VC++ 17.6 (VS2022)

END.
