#
# There is insufficient memory for the Java Runtime Environment to continue.
# Native memory allocation (mmap) failed to map 130023424 bytes. Error detail: G1 virtual space
# Possible reasons:
#   The system is out of physical RAM or swap space
#   This process is running with CompressedOops enabled, and the Java Heap may be blocking the growth of the native heap
# Possible solutions:
#   Reduce memory load on the system
#   Increase physical memory or swap space
#   Check if swap backing store is full
#   Decrease Java heap size (-Xmx/-Xms)
#   Decrease number of Java threads
#   Decrease Java thread stack sizes (-Xss)
#   Set larger code cache with -XX:ReservedCodeCacheSize=
#   JVM is running with Unscaled Compressed Oops mode in which the Java heap is
#     placed in the first 4GB address space. The Java Heap base address is the
#     maximum limit for the native heap growth. Please use -XX:HeapBaseMinAddress
#     to set the Java Heap base and to place the Java Heap above 4GB virtual address.
# This output file may be truncated or incomplete.
#
#  Out of Memory Error (os_windows.cpp:3631), pid=15884, tid=21192
#
# JRE version:  (22.0.2+9) (build )
# Java VM: Java HotSpot(TM) 64-Bit Server VM (22.0.2+9-70, mixed mode, sharing, tiered, compressed oops, compressed class ptrs, g1 gc, windows-amd64)
# No core dump will be written. Minidumps are not enabled by default on client versions of Windows
#

---------------  S U M M A R Y ------------

Command Line: -Dfile.encoding=UTF-8 --module-path=C:\Users\ritik\Documents\NetBeansProjects\JavaApplication1\build\classes Hotel_management_system.Reception

Host: 11th Gen Intel(R) Core(TM) i3-1125G4 @ 2.00GHz, 8 cores, 7G,  Windows 11 , 64 bit Build 22621 (10.0.22621.3958)
Time: Fri Oct 11 17:05:35 2024 India Standard Time elapsed time: 0.016693 seconds (0d 0h 0m 0s)

---------------  T H R E A D  ---------------

Current thread (0x000001c54e37f650):  JavaThread "Unknown thread" [_thread_in_vm, id=21192, stack(0x0000007869700000,0x0000007869800000) (1024K)]

Stack: [0x0000007869700000,0x0000007869800000]
Native frames: (J=compiled Java code, j=interpreted, Vv=VM code, C=native code)
V  [jvm.dll+0x6e26e9]  (no source info available)
V  [jvm.dll+0x875753]  (no source info available)
V  [jvm.dll+0x877b7e]  (no source info available)
V  [jvm.dll+0x878253]  (no source info available)
V  [jvm.dll+0x27fc86]  (no source info available)
V  [jvm.dll+0x6ded85]  (no source info available)
V  [jvm.dll+0x6d388a]  (no source info available)
V  [jvm.dll+0x358b8a]  (no source info available)
V  [jvm.dll+0x3610b6]  (no source info available)
V  [jvm.dll+0x3b419e]  (no source info available)
V  [jvm.dll+0x3b4448]  (no source info available)
V  [jvm.dll+0x32c5ec]  (no source info available)
V  [jvm.dll+0x32d258]  (no source info available)
V  [jvm.dll+0x83d5ac]  (no source info available)
V  [jvm.dll+0x3c10d1]  (no source info available)
V  [jvm.dll+0x8264cc]  (no source info available)
V  [jvm.dll+0x45bd5e]  (no source info available)
V  [jvm.dll+0x45dbe1]  (no source info available)
C  [jli.dll+0x52a3]  (no source info available)
C  [ucrtbase.dll+0x29333]  (no source info available)
C  [KERNEL32.DLL+0x1257d]  (no source info available)
C  [ntdll.dll+0x5af08]  (no source info available)


---------------  P R O C E S S  ---------------

Threads class SMR info:
_java_thread_list=0x00007ffba92dc1c8, length=0, elements={
}

Java Threads: ( => current thread )
Total: 0

Other Threads:
  0x000001c54e3d20b0 WorkerThread "GC Thread#0"                     [id=19336, stack(0x0000007869800000,0x0000007869900000) (1024K)]
  0x000001c54e3e25a0 ConcurrentGCThread "G1 Main Marker"            [id=22224, stack(0x0000007869900000,0x0000007869a00000) (1024K)]
  0x000001c54e3e30b0 WorkerThread "G1 Conc#0"                       [id=20320, stack(0x0000007869a00000,0x0000007869b00000) (1024K)]

[error occurred during error reporting (printing all threads), id 0xc0000005, EXCEPTION_ACCESS_VIOLATION (0xc0000005) at pc=0x00007ffba8a2f517]
VM state: not at safepoint (not fully initialized)

VM Mutex/Monitor currently owned by a thread:  ([mutex/lock_event])
[0x00007ffba935cc80] Heap_lock - owner thread: 0x000001c54e37f650

Heap address: 0x0000000085800000, size: 1960 MB, Compressed Oops mode: 32-bit

CDS archive(s) mapped at: [0x0000000000000000-0x0000000000000000-0x0000000000000000), size 0, SharedBaseAddress: 0x0000000800000000, ArchiveRelocationMode: 1.
Narrow klass base: 0x0000000000000000, Narrow klass shift: 0, Narrow klass range: 0x0

GC Precious Log:
 CardTable entry size: 512
 Card Set container configuration: InlinePtr #cards 5 size 8 Array Of Cards #cards 12 size 40 Howl #buckets 4 coarsen threshold 1843 Howl Bitmap #cards 512 size 80 coarsen threshold 460 Card regions per heap region 1 cards per card region 2048

Heap:
 garbage-first heap   total reserved 2007040K, committed 0K, used 0K [0x0000000085800000, 0x0000000100000000)
  region size 1024K, 0 young (0K), 0 survivors (0K)

[error occurred during error reporting (printing heap information), id 0xc0000005, EXCEPTION_ACCESS_VIOLATION (0xc0000005) at pc=0x00007ffba8e2e869]
GC Heap History (0 events):
No events

Dll operation events (1 events):
Event: 0.011 Loaded shared library C:\Program Files\Java\jdk-22\bin\java.dll

Deoptimization events (0 events):
No events

Classes loaded (0 events):
No events

Classes unloaded (0 events):
No events

Classes redefined (0 events):
No events

Internal exceptions (0 events):
No events

ZGC Phase Switch (0 events):
No events

VM Operations (0 events):
No events

Memory protections (0 events):
No events

Nmethod flushes (0 events):
No events

Events (0 events):
No events


Dynamic libraries:
0x00007ff68fd90000 - 0x00007ff68fda0000 	C:\Program Files\Java\jdk-22\bin\java.exe
0x00007ffc1c3b0000 - 0x00007ffc1c5c7000 	C:\WINDOWS\SYSTEM32\ntdll.dll
0x00007ffc1a510000 - 0x00007ffc1a5d4000 	C:\WINDOWS\System32\KERNEL32.DLL
0x00007ffc19ca0000 - 0x00007ffc1a057000 	C:\WINDOWS\System32\KERNELBASE.dll
0x00007ffc196c0000 - 0x00007ffc197d1000 	C:\WINDOWS\System32\ucrtbase.dll
0x00007ffc11a90000 - 0x00007ffc11aa7000 	C:\Program Files\Java\jdk-22\bin\jli.dll
0x00007ffbaa380000 - 0x00007ffbaa39b000 	C:\Program Files\Java\jdk-22\bin\VCRUNTIME140.dll
0x00007ffc1bf00000 - 0x00007ffc1c0af000 	C:\WINDOWS\System32\USER32.dll
0x00007ffbfd470000 - 0x00007ffbfd703000 	C:\WINDOWS\WinSxS\amd64_microsoft.windows.common-controls_6595b64144ccf1df_6.0.22621.3672_none_2713b9d173822955\COMCTL32.dll
0x00007ffc19a40000 - 0x00007ffc19a66000 	C:\WINDOWS\System32\win32u.dll
0x00007ffc1a630000 - 0x00007ffc1a6d7000 	C:\WINDOWS\System32\msvcrt.dll
0x00007ffc1a0e0000 - 0x00007ffc1a109000 	C:\WINDOWS\System32\GDI32.dll
0x00007ffc198b0000 - 0x00007ffc199c8000 	C:\WINDOWS\System32\gdi32full.dll
0x00007ffc19810000 - 0x00007ffc198aa000 	C:\WINDOWS\System32\msvcp_win.dll
0x00007ffc1abe0000 - 0x00007ffc1ac11000 	C:\WINDOWS\System32\IMM32.DLL
0x00007ffbaa370000 - 0x00007ffbaa37c000 	C:\Program Files\Java\jdk-22\bin\vcruntime140_1.dll
0x00007ffba6c30000 - 0x00007ffba6cbe000 	C:\Program Files\Java\jdk-22\bin\msvcp140.dll
0x00007ffba86f0000 - 0x00007ffba9439000 	C:\Program Files\Java\jdk-22\bin\server\jvm.dll
0x00007ffc1ab20000 - 0x00007ffc1abd2000 	C:\WINDOWS\System32\ADVAPI32.dll
0x00007ffc1c0b0000 - 0x00007ffc1c158000 	C:\WINDOWS\System32\sechost.dll
0x00007ffc197e0000 - 0x00007ffc19808000 	C:\WINDOWS\System32\bcrypt.dll
0x00007ffc1ac20000 - 0x00007ffc1ad34000 	C:\WINDOWS\System32\RPCRT4.dll
0x00007ffc1b720000 - 0x00007ffc1b791000 	C:\WINDOWS\System32\WS2_32.dll
0x00007ffc19590000 - 0x00007ffc195dd000 	C:\WINDOWS\SYSTEM32\POWRPROF.dll
0x00007ffc148c0000 - 0x00007ffc148f4000 	C:\WINDOWS\SYSTEM32\WINMM.dll
0x00007ffc12120000 - 0x00007ffc1212a000 	C:\WINDOWS\SYSTEM32\VERSION.dll
0x00007ffc194c0000 - 0x00007ffc194d3000 	C:\WINDOWS\SYSTEM32\UMPDC.dll
0x00007ffc18710000 - 0x00007ffc18728000 	C:\WINDOWS\SYSTEM32\kernel.appcore.dll
0x00007ffbaa300000 - 0x00007ffbaa30a000 	C:\Program Files\Java\jdk-22\bin\jimage.dll
0x00007ffc16f20000 - 0x00007ffc17152000 	C:\WINDOWS\SYSTEM32\DBGHELP.DLL
0x00007ffc1a790000 - 0x00007ffc1ab1e000 	C:\WINDOWS\System32\combase.dll
0x00007ffc1be20000 - 0x00007ffc1bef7000 	C:\WINDOWS\System32\OLEAUT32.dll
0x00007ffbf5f60000 - 0x00007ffbf5f92000 	C:\WINDOWS\SYSTEM32\dbgcore.DLL
0x00007ffc1a060000 - 0x00007ffc1a0db000 	C:\WINDOWS\System32\bcryptPrimitives.dll
0x00007ffbaa310000 - 0x00007ffbaa32e000 	C:\Program Files\Java\jdk-22\bin\java.dll
0x00007ffc1ae50000 - 0x00007ffc1b6b9000 	C:\WINDOWS\System32\SHELL32.dll
0x00007ffc1a190000 - 0x00007ffc1a335000 	C:\WINDOWS\System32\ole32.dll

dbghelp: loaded successfully - version: 4.0.5 - missing functions: none
symbol engine: initialized successfully - sym options: 0x614 - pdb path: .;C:\Program Files\Java\jdk-22\bin;C:\WINDOWS\SYSTEM32;C:\WINDOWS\WinSxS\amd64_microsoft.windows.common-controls_6595b64144ccf1df_6.0.22621.3672_none_2713b9d173822955;C:\Program Files\Java\jdk-22\bin\server

VM Arguments:
jvm_args: -Dfile.encoding=UTF-8 --module-path=C:\Users\ritik\Documents\NetBeansProjects\JavaApplication1\build\classes 
java_command: Hotel_management_system.Reception
java_class_path (initial): C:\Users\ritik\Desktop\mysql-connector-j-9.0.0\mysql-connector-j-9.0.0.jar;C:\Users\ritik\Desktop\rs2xml.jar;C:\Users\ritik\Documents\NetBeansProjects\JavaApplication1\build\classes
Launcher Type: SUN_STANDARD

[Global flags]
     intx CICompilerCount                          = 4                                         {product} {ergonomic}
     uint ConcGCThreads                            = 2                                         {product} {ergonomic}
     uint G1ConcRefinementThreads                  = 8                                         {product} {ergonomic}
   size_t G1HeapRegionSize                         = 1048576                                   {product} {ergonomic}
   size_t InitialHeapSize                          = 130023424                                 {product} {ergonomic}
   size_t MarkStackSize                            = 4194304                                   {product} {ergonomic}
   size_t MaxHeapSize                              = 2055208960                                {product} {ergonomic}
   size_t MinHeapDeltaBytes                        = 1048576                                   {product} {ergonomic}
   size_t MinHeapSize                              = 8388608                                   {product} {ergonomic}
    uintx NonNMethodCodeHeapSize                   = 5839372                                {pd product} {ergonomic}
    uintx NonProfiledCodeHeapSize                  = 122909434                              {pd product} {ergonomic}
    uintx ProfiledCodeHeapSize                     = 122909434                              {pd product} {ergonomic}
    uintx ReservedCodeCacheSize                    = 251658240                              {pd product} {ergonomic}
     bool SegmentedCodeCache                       = true                                      {product} {ergonomic}
   size_t SoftMaxHeapSize                          = 2055208960                             {manageable} {ergonomic}
     bool UseCompressedOops                        = true                           {product lp64_product} {ergonomic}
     bool UseG1GC                                  = true                                      {product} {ergonomic}
     bool UseLargePagesIndividualAllocation        = false                                  {pd product} {ergonomic}

Logging:
Log output configuration:
 #0: stdout all=warning uptime,level,tags foldmultilines=false
 #1: stderr all=off uptime,level,tags foldmultilines=false

Environment Variables:
PATH=C:\oraclexe\app\oracle\product\11.2.0\server\bin;C:\Program Files\Common Files\Oracle\Java\javapath;C:\WINDOWS\system32;C:\WINDOWS;C:\WINDOWS\System32\Wbem;C:\WINDOWS\System32\WindowsPowerShell\v1.0\;C:\WINDOWS\System32\OpenSSH\;C:\Program Files\nodejs\;C:\Program Files\Git\cmd;C:\mongosh-2.1.1\bin;C:\Program Files\MongoDB\Server\7.0\bin;C:\Program Files\MySQL\MySQL Server 8.0\bin;C:\Program Files\MySQL\MySQL Shell 8.0\bin\;C:\Users\ritik\AppData\Local\Programs\Python\Python312\Scripts\;C:\Users\ritik\AppData\Local\Programs\Python\Python312\;C:\Users\ritik\AppData\Local\Programs\Python\Launcher\;C:\Users\ritik\AppData\Local\Microsoft\WindowsApps;C:\Users\ritik\AppData\Local\Programs\Microsoft VS Code\bin;C:\Users\ritik\Desktop\flutter\bin;C:\Users\ritik\Desktop\jdk-20.0.1;C:\oraclexe\app\oracle\product\11.2.0\server;C:\Users\ritik\AppData\Roaming\npm;
USERNAME=ritik
OS=Windows_NT
PROCESSOR_IDENTIFIER=Intel64 Family 6 Model 140 Stepping 1, GenuineIntel
TMP=C:\Users\ritik\AppData\Local\Temp
TEMP=C:\Users\ritik\AppData\Local\Temp




Periodic native trim disabled

---------------  S Y S T E M  ---------------

OS:
 Windows 11 , 64 bit Build 22621 (10.0.22621.3958)
OS uptime: 0 days 2:41 hours

CPU: total 8 (initial active 8) (4 cores per cpu, 2 threads per core) family 6 model 140 stepping 1 microcode 0xb4, cx8, cmov, fxsr, ht, mmx, 3dnowpref, sse, sse2, sse3, ssse3, sse4.1, sse4.2, popcnt, lzcnt, tsc, tscinvbit, avx, avx2, aes, erms, clmul, bmi1, bmi2, adx, avx512f, avx512dq, avx512cd, avx512bw, avx512vl, sha, fma, vzeroupper, avx512_vpopcntdq, avx512_vpclmulqdq, avx512_vaes, avx512_vnni, clflush, clflushopt, clwb, avx512_vbmi2, avx512_vbmi, rdtscp, rdpid, fsrm, gfni, avx512_bitalg, f16c, pku, cet_ibt, cet_ss, avx512_ifma
Processor Information for processor 0
  Max Mhz: 2001, Current Mhz: 1200, Mhz Limit: 1980
Processor Information for processor 1
  Max Mhz: 2001, Current Mhz: 2000, Mhz Limit: 1980
Processor Information for processor 2
  Max Mhz: 2001, Current Mhz: 1200, Mhz Limit: 1980
Processor Information for processor 3
  Max Mhz: 2001, Current Mhz: 1200, Mhz Limit: 1980
Processor Information for processor 4
  Max Mhz: 2001, Current Mhz: 1200, Mhz Limit: 1980
Processor Information for processor 5
  Max Mhz: 2001, Current Mhz: 2000, Mhz Limit: 1980
Processor Information for processor 6
  Max Mhz: 2001, Current Mhz: 1200, Mhz Limit: 1980
Processor Information for processor 7
  Max Mhz: 2001, Current Mhz: 1200, Mhz Limit: 1980

Memory: 4k page, system-wide physical 7834M (272M free)
TotalPageFile size 31386M (AvailPageFile size 27M)
current process WorkingSet (physical memory assigned to process): 12M, peak: 12M
current process commit charge ("private bytes"): 60M, peak: 184M

vm_info: Java HotSpot(TM) 64-Bit Server VM (22.0.2+9-70) for windows-amd64 JRE (22.0.2+9-70), built on 2024-06-04T16:52:23Z by "mach5one" with MS VC++ 17.6 (VS2022)

END.
